agnolotto
arrosto
bacon
beef
beefburger
beer
bierbrezel
bouillon
bufala
cavolo
cervelat
cocktail
crevetten
crudo
currywurst
deftiger
diavola
dorschfilet
eringer
eye
florida
gamberi
garganelli
gran
grilled
ham
hamburger
hirsch
kabeljau
kai
kran
kräuterkruste
lachssteak
lamb
lamm
lauchstroh
meat
melenzane
mergui
mezzaluna
mezzelune
msc
mungsprossen
muscheln
orangenfilet
pangasius
pangasiusfilet
pla
pollo
pomodorini
pork
porro
poulet
pouletgyros
ragù
rib
ribeye
rind
rindfleisch
rinds
rindsgehacktes
rindshackbällchen
rindshohrücken
rindsragout
rindsstreifen
rohschinken
salmon
salmone
schi
schinken
schuh
schwein
schweinestreifen
schweinsgeschnetzeltes
seitangeschnetzeltes
senn
smoky
song
speck
speckwürfel
splitter
steak
szechuansauce
tamarind
thailändischer
vitello
weiderind
wesley
wesleys
wildflower
wurstsalat
ya
zitronenbutter
öl
